<?xml version="1.0" encoding="UTF-8"?>
<testsuite xmlns:xsi="http://www.w3.org/2001/XMLSchema-instance" xsi:noNamespaceSchemaLocation="https://maven.apache.org/surefire/maven-surefire-plugin/xsd/surefire-test-report-3.0.xsd" version="3.0" name="FileLoggerConfigurationTest" time="0.028" tests="4" errors="0" skipped="0" failures="0">
  <properties>
[...]
</properties>
  <testcase name="testFile" classname="FileLoggerConfigurationTest" time="0.015"/>
  <testcase name="testMaxSizeValue" classname="FileLoggerConfigurationTest" time="0.001"/>
  <testcase name="testWriteFormatValue" classname="FileLoggerConfigurationTest" time="0.001"/>
  <testcase name="testLoggedLevelValue" classname="FileLoggerConfigurationTest" time="0.001"/>
</testsuite>